# JRE version: OpenJDK Runtime Environment (11.0.11) (build 11.0.11+0-b60-7590822)
# Java VM: OpenJDK 64-Bit Server VM (11.0.11+0-b60-7590822, mixed mode, tiered, compressed oops, g1 gc, linux-amd64)
Heap:
 garbage-first heap   total 258048K, used 184786K [0x0000000080000000, 0x0000000100000000)
  region size 1024K, 19 young (19456K), 6 survivors (6144K)
 Metaspace       used 139116K, capacity 143158K, committed 143384K, reserved 1173504K
  class space    used 17462K, capacity 18932K, committed 18952K, reserved 1048576K
GC Heap History (20 events):
Event: 2995,274 GC heap before
{Heap before GC invocations=40 (full 0):
 garbage-first heap   total 258048K, used 178210K [0x0000000080000000, 0x0000000100000000)
  region size 1024K, 42 young (43008K), 2 survivors (2048K)
 Metaspace       used 131169K, capacity 134834K, committed 135320K, reserved 1167360K
  class space    used 16720K, capacity 18042K, committed 18056K, reserved 1048576K
}
Event: 2995,278 GC heap after
{Heap after GC invocations=41 (full 0):
 garbage-first heap   total 258048K, used 140881K [0x0000000080000000, 0x0000000100000000)
  region size 1024K, 3 young (3072K), 3 survivors (3072K)
 Metaspace       used 131169K, capacity 134834K, committed 135320K, reserved 1167360K
  class space    used 16720K, capacity 18042K, committed 18056K, reserved 1048576K
}
Event: 2995,792 GC heap before
{Heap before GC invocations=42 (full 0):
 garbage-first heap   total 258048K, used 210513K [0x0000000080000000, 0x0000000100000000)
  region size 1024K, 71 young (72704K), 3 survivors (3072K)
 Metaspace       used 134869K, capacity 138584K, committed 139160K, reserved 1169408K
  class space    used 17061K, capacity 18458K, committed 18568K, reserved 1048576K
}
Event: 2995,807 GC heap after
{Heap after GC invocations=43 (full 0):
 garbage-first heap   total 258048K, used 146085K [0x0000000080000000, 0x0000000100000000)
  region size 1024K, 8 young (8192K), 8 survivors (8192K)
 Metaspace       used 134869K, capacity 138584K, committed 139160K, reserved 1169408K
  class space    used 17061K, capacity 18458K, committed 18568K, reserved 1048576K
}
Event: 2995,843 GC heap before
{Heap before GC invocations=43 (full 0):
 garbage-first heap   total 258048K, used 150181K [0x0000000080000000, 0x0000000100000000)
  region size 1024K, 12 young (12288K), 8 survivors (8192K)
 Metaspace       used 135211K, capacity 138978K, committed 139416K, reserved 1171456K
  class space    used 17109K, capacity 18526K, committed 18568K, reserved 1048576K
}
Event: 2995,850 GC heap after
{Heap after GC invocations=44 (full 0):
 garbage-first heap   total 258048K, used 146333K [0x0000000080000000, 0x0000000100000000)
  region size 1024K, 2 young (2048K), 2 survivors (2048K)
 Metaspace       used 135211K, capacity 138978K, committed 139416K, reserved 1171456K
  class space    used 17109K, capacity 18526K, committed 18568K, reserved 1048576K
}
Event: 3108,945 GC heap before
{Heap before GC invocations=44 (full 0):
 garbage-first heap   total 258048K, used 210845K [0x0000000080000000, 0x0000000100000000)
  region size 1024K, 65 young (66560K), 2 survivors (2048K)
 Metaspace       used 136920K, capacity 140914K, committed 141080K, reserved 1171456K
  class space    used 17324K, capacity 18832K, committed 18952K, reserved 1048576K
}
Event: 3108,954 GC heap after
{Heap after GC invocations=45 (full 0):
 garbage-first heap   total 258048K, used 151466K [0x0000000080000000, 0x0000000100000000)
  region size 1024K, 7 young (7168K), 7 survivors (7168K)
 Metaspace       used 136920K, capacity 140914K, committed 141080K, reserved 1171456K
  class space    used 17324K, capacity 18832K, committed 18952K, reserved 1048576K
}
Event: 3109,307 GC heap before
{Heap before GC invocations=46 (full 0):
 garbage-first heap   total 258048K, used 210858K [0x0000000080000000, 0x0000000100000000)
  region size 1024K, 66 young (67584K), 7 survivors (7168K)
 Metaspace       used 137141K, capacity 141075K, committed 141336K, reserved 1171456K
  class space    used 17305K, capacity 18762K, committed 18952K, reserved 1048576K
}
Event: 3109,325 GC heap after
{Heap after GC invocations=47 (full 0):
 garbage-first heap   total 258048K, used 158493K [0x0000000080000000, 0x0000000100000000)
  region size 1024K, 8 young (8192K), 8 survivors (8192K)
 Metaspace       used 137141K, capacity 141075K, committed 141336K, reserved 1171456K
  class space    used 17305K, capacity 18762K, committed 18952K, reserved 1048576K
}
Event: 3109,342 GC heap before
{Heap before GC invocations=47 (full 0):
 garbage-first heap   total 258048K, used 161565K [0x0000000080000000, 0x0000000100000000)
  region size 1024K, 12 young (12288K), 8 survivors (8192K)
 Metaspace       used 137150K, capacity 141075K, committed 141336K, reserved 1171456K
  class space    used 17305K, capacity 18762K, committed 18952K, reserved 1048576K
}
Event: 3109,351 GC heap after
{Heap after GC invocations=48 (full 0):
 garbage-first heap   total 258048K, used 157277K [0x0000000080000000, 0x0000000100000000)
  region size 1024K, 2 young (2048K), 2 survivors (2048K)
 Metaspace       used 137150K, capacity 141075K, committed 141336K, reserved 1171456K
  class space    used 17305K, capacity 18762K, committed 18952K, reserved 1048576K
}
Event: 3110,352 GC heap before
{Heap before GC invocations=48 (full 0):
 garbage-first heap   total 258048K, used 211549K [0x0000000080000000, 0x0000000100000000)
  region size 1024K, 56 young (57344K), 2 survivors (2048K)
 Metaspace       used 137907K, capacity 141867K, committed 142104K, reserved 1173504K
  class space    used 17395K, capacity 18842K, committed 18952K, reserved 1048576K
}
Event: 3110,362 GC heap after
{Heap after GC invocations=49 (full 0):
 garbage-first heap   total 258048K, used 166275K [0x0000000080000000, 0x0000000100000000)
  region size 1024K, 7 young (7168K), 7 survivors (7168K)
 Metaspace       used 137907K, capacity 141867K, committed 142104K, reserved 1173504K
  class space    used 17395K, capacity 18842K, committed 18952K, reserved 1048576K
}
Event: 3110,578 GC heap before
{Heap before GC invocations=50 (full 0):
 garbage-first heap   total 258048K, used 212355K [0x0000000080000000, 0x0000000100000000)
  region size 1024K, 52 young (53248K), 7 survivors (7168K)
 Metaspace       used 138726K, capacity 142720K, committed 142872K, reserved 1173504K
  class space    used 17441K, capacity 18900K, committed 18952K, reserved 1048576K
}
Event: 3110,586 GC heap after
{Heap after GC invocations=51 (full 0):
 garbage-first heap   total 258048K, used 172332K [0x0000000080000000, 0x0000000100000000)
  region size 1024K, 7 young (7168K), 7 survivors (7168K)
 Metaspace       used 138726K, capacity 142720K, committed 142872K, reserved 1173504K
  class space    used 17441K, capacity 18900K, committed 18952K, reserved 1048576K
}
Event: 3110,607 GC heap before
{Heap before GC invocations=51 (full 0):
 garbage-first heap   total 258048K, used 177452K [0x0000000080000000, 0x0000000100000000)
  region size 1024K, 12 young (12288K), 7 survivors (7168K)
 Metaspace       used 138728K, capacity 142720K, committed 142872K, reserved 1173504K
  class space    used 17442K, capacity 18900K, committed 18952K, reserved 1048576K
}
Event: 3110,628 GC heap after
{Heap after GC invocations=52 (full 0):
 garbage-first heap   total 258048K, used 164295K [0x0000000080000000, 0x0000000100000000)
  region size 1024K, 2 young (2048K), 2 survivors (2048K)
 Metaspace       used 138728K, capacity 142720K, committed 142872K, reserved 1173504K
  class space    used 17442K, capacity 18900K, committed 18952K, reserved 1048576K
}
Event: 3110,753 GC heap before
{Heap before GC invocations=52 (full 0):
 garbage-first heap   total 258048K, used 211399K [0x0000000080000000, 0x0000000100000000)
  region size 1024K, 48 young (49152K), 2 survivors (2048K)
 Metaspace       used 138762K, capacity 142794K, committed 142872K, reserved 1173504K
  class space    used 17442K, capacity 18900K, committed 18952K, reserved 1048576K
}
Event: 3110,764 GC heap after
{Heap after GC invocations=53 (full 0):
 garbage-first heap   total 258048K, used 172498K [0x0000000080000000, 0x0000000100000000)
  region size 1024K, 6 young (6144K), 6 survivors (6144K)
 Metaspace       used 138762K, capacity 142794K, committed 142872K, reserved 1173504K
  class space    used 17442K, capacity 18900K, committed 18952K, reserved 1048576K
}

